<?xml version="1.0" encoding="UTF-8"?>
<!-- Generated by org.testng.reporters.JUnitReportReporter -->
<testsuite skipped="0" hostname="MUUWDP016" name="com.crm.qa.testcases.ContactsPageTest" tests="1" failures="0" timestamp="12 Aug 2019 09:29:37 GMT" time="34.747" errors="0">
  <testcase name="verifyContactsPageLabel" time="34.747" classname="com.crm.qa.testcases.ContactsPageTest"/>
</testsuite> <!-- com.crm.qa.testcases.ContactsPageTest -->
