<?xml version="1.0" encoding="UTF-8"?>
<!-- Generated by org.testng.reporters.JUnitReportReporter -->
<testsuite skipped="0" hostname="MUUWDP016" name="com.crm.qa.testcases.LoginPageTest" tests="3" failures="0" timestamp="08 Aug 2019 16:34:27 GMT" time="58.956" errors="0">
  <testcase name="loginPageTitleTest" time="14.763" classname="com.crm.qa.testcases.LoginPageTest"/>
  <testcase name="crmLogoImageTest" time="14.958" classname="com.crm.qa.testcases.LoginPageTest"/>
  <testcase name="loginTest" time="29.235" classname="com.crm.qa.testcases.LoginPageTest"/>
</testsuite> <!-- com.crm.qa.testcases.LoginPageTest -->
