<?xml version="1.0" encoding="UTF-8"?>
<!-- Generated by org.testng.reporters.JUnitReportReporter -->
<testsuite skipped="0" hostname="MUUWDP016" name="com.crm.qa.testcases.HomePageTest" tests="1" failures="0" timestamp="08 Aug 2019 16:34:27 GMT" time="22.106" errors="0">
  <testcase name="verifyContactsLinkTest" time="22.106" classname="com.crm.qa.testcases.HomePageTest"/>
</testsuite> <!-- com.crm.qa.testcases.HomePageTest -->
